<?xml version="1.0" encoding="UTF-8"?>
<testng-results ignored="0" total="1" passed="1" failed="0" skipped="0">
  <reporter-output>
  </reporter-output>
  <suite started-at="2022-02-23T13:54:57 IST" name="Default suite" finished-at="2022-02-23T13:55:11 IST" duration-ms="14030">
    <groups>
    </groups>
    <test started-at="2022-02-23T13:54:57 IST" name="Default test" finished-at="2022-02-23T13:55:11 IST" duration-ms="14030">
      <class name="com.tmb.tests.OrangeHRMTests">
        <test-method is-config="true" signature="setUp()[pri:0, instance:com.tmb.tests.OrangeHRMTests@306e95ec]" started-at="2022-02-23T13:54:57 IST" name="setUp" finished-at="2022-02-23T13:55:03 IST" duration-ms="6083" status="PASS">
          <reporter-output>
          </reporter-output>
        </test-method> <!-- setUp -->
        <test-method signature="loginLogOutTest()[pri:0, instance:com.tmb.tests.OrangeHRMTests@306e95ec]" started-at="2022-02-23T13:55:03 IST" name="loginLogOutTest" finished-at="2022-02-23T13:55:11 IST" duration-ms="7801" status="PASS">
          <reporter-output>
          </reporter-output>
        </test-method> <!-- loginLogOutTest -->
        <test-method is-config="true" signature="tearDown()[pri:0, instance:com.tmb.tests.OrangeHRMTests@306e95ec]" started-at="2022-02-23T13:55:11 IST" name="tearDown" finished-at="2022-02-23T13:55:11 IST" duration-ms="116" status="PASS">
          <reporter-output>
          </reporter-output>
        </test-method> <!-- tearDown -->
      </class> <!-- com.tmb.tests.OrangeHRMTests -->
    </test> <!-- Default test -->
  </suite> <!-- Default suite -->
</testng-results>
